0 info it worked if it ends with ok
1 verbose cli [ 'node', '/usr/local/bin/npm', 'install', '-g', 'ngrok' ]
2 info using npm@2.12.1
3 info using node@v0.12.7
4 verbose install initial load of /usr/local/lib/package.json
5 verbose readDependencies loading dependencies from /usr/local/lib/package.json
6 silly cache add args [ 'ngrok', null ]
7 verbose cache add spec ngrok
8 silly cache add parsed spec { raw: 'ngrok',
8 silly cache add   scope: null,
8 silly cache add   name: null,
8 silly cache add   rawSpec: 'ngrok',
8 silly cache add   spec: '/Users/GretaKavaliauskaite/Desktop/UDACITY/frontend-nanodegree-mobile-portfolio/public/ngrok',
8 silly cache add   type: 'local' }
9 silly addLocalTarball shasum (computed) 36aaf8260e239dcff6909b2328416634f3fe14c3
10 verbose addTmpTarball /Users/GretaKavaliauskaite/Desktop/UDACITY/frontend-nanodegree-mobile-portfolio/public/ngrok not in flight; adding
11 verbose addTmpTarball validating metadata from /Users/GretaKavaliauskaite/Desktop/UDACITY/frontend-nanodegree-mobile-portfolio/public/ngrok
12 verbose tar unpack /Users/GretaKavaliauskaite/Desktop/UDACITY/frontend-nanodegree-mobile-portfolio/public/ngrok
13 verbose tar unpacking to /tmp/npm-2933-f100f13a/unpack-60383e0ba0d5
14 silly gentlyRm /tmp/npm-2933-f100f13a/unpack-60383e0ba0d5 is being purged
15 verbose gentlyRm don't care about contents; nuking /tmp/npm-2933-f100f13a/unpack-60383e0ba0d5
16 silly gunzTarPerm modes [ '755', '644' ]
17 error not a package /Users/GretaKavaliauskaite/Desktop/UDACITY/frontend-nanodegree-mobile-portfolio/public/ngrok
18 error addLocal Could not install /Users/GretaKavaliauskaite/Desktop/UDACITY/frontend-nanodegree-mobile-portfolio/public/ngrok
19 verbose stack Error: ENOENT, open '/tmp/npm-2933-f100f13a/unpack-60383e0ba0d5/package.json'
19 verbose stack     at Error (native)
20 verbose cwd /Users/GretaKavaliauskaite/Desktop/UDACITY/frontend-nanodegree-mobile-portfolio/public
21 error Darwin 14.4.0
22 error argv "node" "/usr/local/bin/npm" "install" "-g" "ngrok"
23 error node v0.12.7
24 error npm  v2.12.1
25 error path /tmp/npm-2933-f100f13a/unpack-60383e0ba0d5/package.json
26 error code ENOENT
27 error errno -2
28 error enoent ENOENT, open '/tmp/npm-2933-f100f13a/unpack-60383e0ba0d5/package.json'
28 error enoent This is most likely not a problem with npm itself
28 error enoent and is related to npm not being able to find a file.
29 verbose exit [ -2, true ]
